<?xml version="1.0" encoding="UTF-8"?>
<testng-results ignored="0" total="2" passed="2" failed="0" skipped="0">
  <reporter-output>
  </reporter-output>
  <suite started-at="2024-03-21T23:44:20 GMT" name="Healenium suite" finished-at="2024-03-21T23:45:19 GMT" duration-ms="59572">
    <groups>
    </groups>
    <test started-at="2024-03-21T23:44:20 GMT" name="Test" finished-at="2024-03-21T23:45:19 GMT" duration-ms="59572">
      <class name="Tests.ContactTest">
        <test-method is-config="true" signature="setUp()[pri:0, instance:Tests.ContactTest@57d7f8ca]" started-at="2024-03-21T23:44:20 GMT" name="setUp" finished-at="2024-03-21T23:44:26 GMT" duration-ms="6256" status="PASS">
          <reporter-output>
          </reporter-output>
        </test-method> <!-- setUp -->
        <test-method signature="initialize()[pri:-1, instance:Tests.ContactTest@57d7f8ca]" started-at="2024-03-21T23:44:26 GMT" name="initialize" finished-at="2024-03-21T23:44:26 GMT" duration-ms="42" status="PASS">
          <reporter-output>
          </reporter-output>
        </test-method> <!-- initialize -->
        <test-method signature="testSteps()[pri:0, instance:Tests.ContactTest@57d7f8ca]" started-at="2024-03-21T23:44:26 GMT" name="testSteps" finished-at="2024-03-21T23:45:18 GMT" duration-ms="51687" status="PASS">
          <reporter-output>
          </reporter-output>
        </test-method> <!-- testSteps -->
        <test-method is-config="true" signature="tearDown()[pri:0, instance:Tests.ContactTest@57d7f8ca]" started-at="2024-03-21T23:45:18 GMT" name="tearDown" finished-at="2024-03-21T23:45:19 GMT" duration-ms="1497" status="PASS">
          <reporter-output>
          </reporter-output>
        </test-method> <!-- tearDown -->
      </class> <!-- Tests.ContactTest -->
    </test> <!-- Test -->
  </suite> <!-- Healenium suite -->
</testng-results>
